c:\users\hong ha\desktop\nmgame - primary ver\casltevania\debug\vc140.pdb
c:\users\hong ha\desktop\nmgame - primary ver\casltevania\debug\vc140.idb
c:\users\hong ha\desktop\nmgame - primary ver\casltevania\debug\merman.obj
c:\users\hong ha\desktop\nmgame - primary ver\casltevania\debug\movableground.obj
c:\users\hong ha\desktop\nmgame - primary ver\casltevania\debug\panther.obj
c:\users\hong ha\desktop\nmgame - primary ver\casltevania\debug\dxsound.obj
c:\users\hong ha\desktop\nmgame - primary ver\casltevania\debug\projectile.obj
c:\users\hong ha\desktop\nmgame - primary ver\casltevania\debug\quadtree.obj
c:\users\hong ha\desktop\nmgame - primary ver\casltevania\debug\simon.obj
c:\users\hong ha\desktop\nmgame - primary ver\casltevania\debug\sound.obj
c:\users\hong ha\desktop\nmgame - primary ver\casltevania\debug\spear_guard.obj
c:\users\hong ha\desktop\nmgame - primary ver\casltevania\debug\sprite.obj
c:\users\hong ha\desktop\nmgame - primary ver\casltevania\debug\collider.obj
c:\users\hong ha\desktop\nmgame - primary ver\casltevania\debug\stair.obj
c:\users\hong ha\desktop\nmgame - primary ver\casltevania\debug\statemanager.obj
c:\users\hong ha\desktop\nmgame - primary ver\casltevania\debug\subweapon.obj
c:\users\hong ha\desktop\nmgame - primary ver\casltevania\debug\tilemap.obj
c:\users\hong ha\desktop\nmgame - primary ver\casltevania\debug\ui.obj
c:\users\hong ha\desktop\nmgame - primary ver\casltevania\debug\viewport.obj
c:\users\hong ha\desktop\nmgame - primary ver\casltevania\debug\whip.obj
c:\users\hong ha\desktop\nmgame - primary ver\casltevania\debug\winmain.obj
c:\users\hong ha\desktop\nmgame - primary ver\casltevania\debug\zombie.obj
c:\users\hong ha\desktop\nmgame - primary ver\casltevania\debug\checkpoint.obj
c:\users\hong ha\desktop\nmgame - primary ver\casltevania\debug\cross.obj
c:\users\hong ha\desktop\nmgame - primary ver\casltevania\debug\deadanimation.obj
c:\users\hong ha\desktop\nmgame - primary ver\casltevania\debug\dsutil.obj
c:\users\hong ha\desktop\nmgame - primary ver\casltevania\debug\dxutil.obj
c:\users\hong ha\desktop\nmgame - primary ver\casltevania\debug\enemy.obj
c:\users\hong ha\desktop\nmgame - primary ver\casltevania\debug\game.obj
c:\users\hong ha\desktop\nmgame - primary ver\casltevania\debug\gamemenustate.obj
c:\users\hong ha\desktop\nmgame - primary ver\casltevania\debug\gameobject.obj
c:\users\hong ha\desktop\nmgame - primary ver\casltevania\debug\gameplaystateone.obj
c:\users\hong ha\desktop\nmgame - primary ver\casltevania\debug\gameplaystatethree.obj
c:\users\hong ha\desktop\nmgame - primary ver\casltevania\debug\gameplaystatetwo.obj
c:\users\hong ha\desktop\nmgame - primary ver\casltevania\debug\gametime.obj
c:\users\hong ha\desktop\nmgame - primary ver\casltevania\debug\graphics.obj
c:\users\hong ha\desktop\nmgame - primary ver\casltevania\debug\ground.obj
c:\users\hong ha\desktop\nmgame - primary ver\casltevania\debug\holywater.obj
c:\users\hong ha\desktop\nmgame - primary ver\casltevania\debug\input.obj
c:\users\hong ha\desktop\nmgame - primary ver\casltevania\debug\item.obj
c:\users\hong ha\desktop\nmgame - primary ver\casltevania\debug\knife.obj
c:\users\hong ha\desktop\nmgame - primary ver\casltevania\debug\largecandle.obj
c:\users\hong ha\desktop\nmgame - primary ver\casltevania\debug\animation.obj
c:\users\hong ha\desktop\nmgame - primary ver\casltevania\debug\axe.obj
c:\users\hong ha\desktop\nmgame - primary ver\casltevania\debug\bat.obj
c:\users\hong ha\desktop\nmgame - primary ver\casltevania\debug\batman.obj
c:\users\hong ha\desktop\nmgame - primary ver\casltevania\debug\candle.obj
c:\users\hong ha\desktop\nmgame - primary ver\casltevania\debug\stopwatch.obj
c:\users\hong ha\desktop\nmgame - primary ver\casltevania\debug\bonepillar.obj
c:\users\hong ha\desktop\nmgame - primary ver\casltevania\debug\medusahead.obj
c:\users\hong ha\desktop\nmgame - primary ver\casltevania\debug\ghost.obj
c:\users\hong ha\desktop\nmgame - primary ver\casltevania\debug\door.obj
c:\users\hong ha\desktop\nmgame - primary ver\debug\castlevania.pdb
c:\users\hong ha\desktop\nmgame - primary ver\casltevania\debug\castlevania.tlog\cl.command.1.tlog
c:\users\hong ha\desktop\nmgame - primary ver\casltevania\debug\castlevania.tlog\cl.read.1.tlog
c:\users\hong ha\desktop\nmgame - primary ver\casltevania\debug\castlevania.tlog\cl.write.1.tlog
c:\users\hong ha\desktop\nmgame - primary ver\casltevania\debug\castlevania.tlog\link-cvtres.read.1.tlog
c:\users\hong ha\desktop\nmgame - primary ver\casltevania\debug\castlevania.tlog\link-cvtres.write.1.tlog
c:\users\hong ha\desktop\nmgame - primary ver\casltevania\debug\castlevania.tlog\link-rc.read.1.tlog
c:\users\hong ha\desktop\nmgame - primary ver\casltevania\debug\castlevania.tlog\link-rc.write.1.tlog
c:\users\hong ha\desktop\nmgame - primary ver\casltevania\debug\castlevania.tlog\link.1053816-cvtres.read.1.tlog
c:\users\hong ha\desktop\nmgame - primary ver\casltevania\debug\castlevania.tlog\link.1053816-cvtres.write.1.tlog
c:\users\hong ha\desktop\nmgame - primary ver\casltevania\debug\castlevania.tlog\link.1053816-rc.read.1.tlog
c:\users\hong ha\desktop\nmgame - primary ver\casltevania\debug\castlevania.tlog\link.1053816-rc.write.1.tlog
c:\users\hong ha\desktop\nmgame - primary ver\casltevania\debug\castlevania.tlog\link.1053816.read.1.tlog
c:\users\hong ha\desktop\nmgame - primary ver\casltevania\debug\castlevania.tlog\link.1053816.write.1.tlog
c:\users\hong ha\desktop\nmgame - primary ver\casltevania\debug\castlevania.tlog\link.command.1.tlog
c:\users\hong ha\desktop\nmgame - primary ver\casltevania\debug\castlevania.tlog\link.read.1.tlog
c:\users\hong ha\desktop\nmgame - primary ver\casltevania\debug\castlevania.tlog\link.write.1.tlog
